{
  "stats": {
    "suites": 1,
    "tests": 1,
    "passes": 1,
    "pending": 0,
    "failures": 0,
    "start": "2025-01-31T13:49:29.806Z",
    "end": "2025-01-31T13:49:57.197Z",
    "duration": 27391,
    "testsRegistered": 1,
    "passPercent": 100,
    "pendingPercent": 0,
    "other": 0,
    "hasOther": false,
    "skipped": 0,
    "hasSkipped": false
  },
  "results": [
    {
      "uuid": "7c466646-85aa-4bed-9d98-d4c1285d608e",
      "title": "",
      "fullFile": "cypress\\e2e\\Features\\newsroom.feature",
      "file": "cypress\\e2e\\Features\\newsroom.feature",
      "beforeHooks": [],
      "afterHooks": [],
      "tests": [],
      "suites": [
        {
          "uuid": "ea3ee0b0-77f6-46df-ae89-1917c7d26199",
          "title": "Checking tab redirect",
          "fullFile": "",
          "file": "",
          "beforeHooks": [],
          "afterHooks": [],
          "tests": [
            {
              "title": "Checking tab redirect",
              "fullTitle": "Checking tab redirect Checking tab redirect",
              "timedOut": null,
              "duration": 20504,
              "state": "passed",
              "speed": "slow",
              "pass": true,
              "fail": false,
              "pending": false,
              "context": null,
              "code": "const state = window.testState;\nreturn cy\n  .then(() => state.onStartScenario(scenario, indexedSteps))\n  .then(() =>\n    resolveAndRunBeforeHooks.call(this, scenario.tags, state.feature.name)\n  )\n  .then(() =>\n    indexedSteps.forEach((step) =>\n      stepTest.call(this, state, step, rowData)\n    )\n  )\n  .then(() => state.onFinishScenario(scenario));",
              "err": {},
              "uuid": "019fb764-280b-4f1b-8788-259cd648d0ea",
              "parentUUID": "ea3ee0b0-77f6-46df-ae89-1917c7d26199",
              "isHook": false,
              "skipped": false
            }
          ],
          "suites": [],
          "passes": [
            "019fb764-280b-4f1b-8788-259cd648d0ea"
          ],
          "failures": [],
          "pending": [],
          "skipped": [],
          "duration": 20504,
          "root": false,
          "rootEmpty": false,
          "_timeout": 2000
        }
      ],
      "passes": [],
      "failures": [],
      "pending": [],
      "skipped": [],
      "duration": 0,
      "root": true,
      "rootEmpty": true,
      "_timeout": 2000
    }
  ],
  "meta": {
    "mocha": {
      "version": "7.0.1"
    },
    "mochawesome": {
      "options": {
        "quiet": false,
        "reportFilename": "mochawesome",
        "saveHtml": true,
        "saveJson": true,
        "consoleReporter": "spec",
        "useInlineDiffs": false,
        "code": true
      },
      "version": "7.1.3"
    },
    "marge": {
      "options": null,
      "version": "6.2.0"
    }
  }
}